(0000) 3000  0011000000000000 (   1)                 .ORIG x3000
(3000) 5DA0  0101110110100000 (   2)                 AND   R6 R6 #0
(3001) 2C4F  0010110001001111 (   3)                 LD    R6 ans
(3002) 5FE0  0101111111100000 (   4)                 AND   R7 R7 #0
(3003) 1FEF  0001111111101111 (   5)                 ADD   R7 R7 #15
(3004) 0824  0000100000100100 (   6) out_loop        BRN   next_part
(3005) 5260  0101001001100000 (   9)                 AND   R1 R1 #0
(3006) 54A0  0101010010100000 (  10)                 AND   R2 R2 #0
(3007) 56E0  0101011011100000 (  11)                 AND   R3 R3 #0
(3008) 5920  0101100100100000 (  12)                 AND   R4 R4 #0
(3009) 5B60  0101101101100000 (  13)                 AND   R5 R5 #0
(300A) 1B6F  0001101101101111 (  14)                 ADD   R5 R5 #15
(300B) 2644  0010011001000100 (  16)                 LD    R3 num
(300C) 64C0  0110010011000000 (  17)                 LDR   R2 R3 #0
(300D) 16E1  0001011011100001 (  18)                 ADD   R3 R3 #1
(300E) 1B7F  0001101101111111 (  19)                 ADD   R5 R5 #-1
(300F) 192F  0001100100101111 (  20)                 ADD   R4 R4 #15
(3010) 080C  0000100000001100 (  22) loop            BRN   next_loop
(3011) 62C0  0110001011000000 (  23)                 LDR   R1 R3 #0
(3012) 927F  1001001001111111 (  24)                 NOT   R1 R1
(3013) 1261  0001001001100001 (  25)                 ADD   R1 R1 #1
(3014) 1042  0001000001000010 (  26)                 ADD   R0 R1 R2
(3015) 0604  0000011000000100 (  27)                 BRZP  next
(3016) 1460  0001010001100000 (  28)                 ADD   R2 R1 #0
(3017) 94BF  1001010010111111 (  29)                 NOT   R2 R2
(3018) 14A1  0001010010100001 (  30)                 ADD   R2 R2 #1
(3019) 1960  0001100101100000 (  31)                 ADD   R4 R5 #0
(301A) 16E1  0001011011100001 (  32) next            ADD   R3 R3 #1
(301B) 1B7F  0001101101111111 (  33)                 ADD   R5 R5 #-1
(301C) 0FF3  0000111111110011 (  34)                 BRNZP loop
(301D) 91FF  1001000111111111 (  37) next_loop       NOT   R0 R7
(301E) 2C32  0010110000110010 (  38)                 LD    R6 ans
(301F) 1021  0001000000100001 (  39)                 ADD   R0 R0 #1
(3020) 102F  0001000000101111 (  40)                 ADD   R0 R0 #15
(3021) 1C06  0001110000000110 (  41)                 ADD   R6 R0 R6
(3022) 7580  0111010110000000 (  42)                 STR   R2 R6 #0
(3023) 993F  1001100100111111 (  44)                 NOT   R4 R4
(3024) 16C4  0001011011000100 (  45)                 ADD   R3 R3 R4
(3025) 5260  0101001001100000 (  46)                 AND   R1 R1 #0
(3026) 72C0  0111001011000000 (  47)                 STR   R1 R3 #0
(3027) 1FFF  0001111111111111 (  48)                 ADD   R7 R7 #-1
(3028) 0FDB  0000111111011011 (  49)                 BRNZP out_loop
(3029) 5260  0101001001100000 (  54) next_part       AND   R1 R1 #0
(302A) 2226  0010001000100110 (  55)                 LD    R1 ans
(302B) 54A0  0101010010100000 (  56)                 AND   R2 R2 #0
(302C) 14A7  0001010010100111 (  57)                 ADD   R2 R2 #7
(302D) 2829  0010100000101001 (  58)                 LD    R4 B_score
(302E) 5B60  0101101101100000 (  59)                 AND   R5 R5 #0
(302F) 0809  0000100000001001 (  62) loop_B          BRN   check_A
(3030) 6640  0110011001000000 (  63)                 LDR   R3 R1 #0
(3031) 96FF  1001011011111111 (  64)                 NOT   R3 R3
(3032) 16E1  0001011011100001 (  65)                 ADD   R3 R3 #1
(3033) 1703  0001011100000011 (  66)                 ADD   R3 R4 R3
(3034) 0201  0000001000000001 (  68)                 BRP   not_get_B
(3035) 1B61  0001101101100001 (  69)                 ADD   R5 R5 #1
(3036) 1261  0001001001100001 (  72) not_get_B       ADD   R1 R1 #1
(3037) 14BF  0001010010111111 (  73)                 ADD   R2 R2 #-1
(3038) 0FF6  0000111111110110 (  74)                 BRNZP loop_B
(3039) 5260  0101001001100000 (  77) check_A         AND   R1 R1 #0
(303A) 2216  0010001000010110 (  78)                 LD    R1 ans
(303B) 54A0  0101010010100000 (  79)                 AND   R2 R2 #0
(303C) 14A3  0001010010100011 (  80)                 ADD   R2 R2 #3
(303D) 2818  0010100000011000 (  81)                 LD    R4 A_score
(303E) 5DA0  0101110110100000 (  82)                 AND   R6 R6 #0
(303F) 0809  0000100000001001 (  85) loop_A          BRN   over
(3040) 6640  0110011001000000 (  86)                 LDR   R3 R1 #0
(3041) 96FF  1001011011111111 (  87)                 NOT   R3 R3
(3042) 16E1  0001011011100001 (  88)                 ADD   R3 R3 #1
(3043) 1703  0001011100000011 (  89)                 ADD   R3 R4 R3
(3044) 0201  0000001000000001 (  91)                 BRP   not_get_A
(3045) 1DA1  0001110110100001 (  92)                 ADD   R6 R6 #1
(3046) 1261  0001001001100001 (  94) not_get_A       ADD   R1 R1 #1
(3047) 14BF  0001010010111111 (  95)                 ADD   R2 R2 #-1
(3048) 0FF6  0000111111110110 (  96)                 BRNZP loop_A
(3049) 9FBF  1001111110111111 (  99) over            NOT   R7 R6
(304A) 1FE1  0001111111100001 ( 100)                 ADD   R7 R7 #1
(304B) 1BC5  0001101111000101 ( 101)                 ADD   R5 R7 R5
(304C) 2205  0010001000000101 ( 103)                 LD    R1 score
(304D) 7C40  0111110001000000 ( 104)                 STR   R6 R1 #0
(304E) 7A41  0111101001000001 ( 105)                 STR   R5 R1 #1
(304F) F025  1111000000100101 ( 108)                 TRAP  x25
(3050) 3200  0011001000000000 ( 109) num             .FILL x3200
(3051) 4000  0100000000000000 ( 110) ans             .FILL x4000
(3052) 4100  0100000100000000 ( 111) score           .FILL x4100
(3053) 0041  0000000001000001 ( 113) A               .FILL x0041
(3054) 0042  0000000001000010 ( 114) B               .FILL x0042
(3055) 0043  0000000001000011 ( 115) C               .FILL x0043
(3056) 0055  0000000001010101 ( 116) A_score         .FILL x0055
(3057) 004B  0000000001001011 ( 117) B_score         .FILL x004B
