(0000) 2000  0010000000000000 (   1)                 .ORIG x2000
(2000) 301A  0011000000011010 (   2)                 ST    R0 saver0
(2001) 321A  0011001000011010 (   3)                 ST    R1 saver1
(2002) 341A  0011010000011010 (   4)                 ST    R2 saver2
(2003) A01B  1010000000011011 (   5)                 LDI   R0 KBDR
(2004) 5260  0101001001100000 (   6)                 AND   R1 R1 #0
(2005) 126A  0001001001101010 (   7)                 ADD   R1 R1 #10
(2006) 0C05  0000110000000101 (   9) loop            BRNZ  next
(2007) 2412  0010010000010010 (  10)                 LD    R2 set
(2008) B418  1011010000011000 (  11)                 STI   R2 DSR
(2009) B016  1011000000010110 (  12)                 STI   R0 DDR
(200A) 127F  0001001001111111 (  13)                 ADD   R1 R1 #-1
(200B) 0FFA  0000111111111010 (  14)                 BRNZP loop
(200C) A012  1010000000010010 (  18) next            LDI   R0 KBDR
(200D) 220A  0010001000001010 (  19)                 LD    R1 ent
(200E) 1001  0001000000000001 (  20)                 ADD   R0 R0 R1
(200F) 09FC  0000100111111100 (  21)                 BRN   next
(2010) 03FB  0000001111111011 (  22)                 BRP   next
(2011) 5260  0101001001100000 (  24)                 AND   R1 R1 #0
(2012) 2206  0010001000000110 (  25)                 LD    R1 reset
(2013) B20A  1011001000001010 (  26)                 STI   R1 KBSR
(2014) 2006  0010000000000110 (  27)                 LD    R0 saver0
(2015) 2206  0010001000000110 (  28)                 LD    R1 saver1
(2016) 2406  0010010000000110 (  29)                 LD    R2 saver2
(2017) 8000  1000000000000000 (  31)                 RTI   
(2018) FFF6  1111111111110110 (  32) ent             .FILL xFFF6
(2019) 4000  0100000000000000 (  33) reset           .FILL x4000
(201A) F000  1111000000000000 (  34) set             .FILL xF000
(201B) 0000  0000000000000000 (  35) saver0          .FILL x0000
(201C) 0001  0000000000000001 (  36) saver1          .FILL x0001
(201D) 0000  0000000000000000 (  37) saver2          .FILL x0000
(201E) FE00  1111111000000000 (  38) KBSR            .FILL xFE00
(201F) FE02  1111111000000010 (  39) KBDR            .FILL xFE02
(2020) FE06  1111111000000110 (  40) DDR             .FILL xFE06
(2021) FE04  1111111000000100 (  41) DSR             .FILL xFE04
