(0000) 3000  0011000000000000 (   1)                 .ORIG x3000
(3000) 2C1E  0010110000011110 (   3)                 LD    R6 stack
(3001) 241D  0010010000011101 (   4)                 LD    R2 stack
(3002) B41D  1011010000011101 (   5)                 STI   R2 KBSR
(3003) 261A  0010011000011010 (   6)                 LD    R3 def
(3004) B618  1011011000011000 (   7)                 STI   R3 trap_
(3005) 221E  0010001000011110 (  10) loop_out        LD    R1 flag
(3006) 0409  0000010000001001 (  12)                 BRZ   f0
(3007) E01D  1110000000011101 (  13)                 LEA   R0 ICS_1
(3008) 4828  0100100000101000 (  14)                 JSR   delay
(3009) F022  1111000000100010 (  15)                 TRAP  x22
(300A) 5260  0101001001100000 (  16)                 AND   R1 R1 #0
(300B) 3218  0011001000011000 (  17)                 ST    R1 flag
(300C) E01C  1110000000011100 (  18)                 LEA   R0 ICS_0
(300D) 56E0  0101011011100000 (  19)                 AND   R3 R3 #0
(300E) 16E5  0001011011100101 (  20)                 ADD   R3 R3 #5
(300F) 0E05  0000111000000101 (  21)                 BRNZP f1
(3010) E018  1110000000011000 (  25) f0              LEA   R0 ICS_0
(3011) 56E0  0101011011100000 (  26)                 AND   R3 R3 #0
(3012) 16E5  0001011011100101 (  27)                 ADD   R3 R3 #5
(3013) 1261  0001001001100001 (  28)                 ADD   R1 R1 #1
(3014) 320F  0011001000001111 (  29)                 ST    R1 flag
(3015) 481B  0100100000011011 (  31) f1              JSR   delay
(3016) F022  1111000000100010 (  32)                 TRAP  x22
(3017) 16FF  0001011011111111 (  33)                 ADD   R3 R3 #-1
(3018) 03FC  0000001111111100 (  34)                 BRP   f1
(3019) 2016  0010000000010110 (  35)                 LD    R0 newline
(301A) F021  1111000000100001 (  36)                 TRAP  x21
(301B) 0FE9  0000111111101001 (  38)                 BRNZP loop_out
(301C) F025  1111000000100101 (  41)                 TRAP  x25
(301D) 0180  0000000110000000 (  42) trap_           .FILL x0180
(301E) 2000  0010000000000000 (  43) def             .FILL x2000
(301F) 4000  0100000000000000 (  44) stack           .FILL x4000
(3020) FE00  1111111000000000 (  45) KBSR            .FILL xFE00
(3021) FE02  1111111000000010 (  46) KBDR            .FILL xFE02
(3022) FE06  1111111000000110 (  47) DDR             .FILL xFE06
(3023) FE04  1111111000000100 (  48) DSR             .FILL xFE04
(3024) 0001  0000000000000001 (  49) flag            .FILL x0001
(3025) 0049  0000000001001001 (  50) ICS_1           .FILL x0049
(3026) 0043  0000000001000011 (  50)                 .FILL x0043
(3027) 0053  0000000001010011 (  50)                 .FILL x0053
(3028) 0000  0000000000000000 (  50)                 .FILL x0000
(3029) 0020  0000000000100000 (  51) ICS_0           .FILL x0020
(302A) 0020  0000000000100000 (  51)                 .FILL x0020
(302B) 0020  0000000000100000 (  51)                 .FILL x0020
(302C) 0049  0000000001001001 (  51)                 .FILL x0049
(302D) 0043  0000000001000011 (  51)                 .FILL x0043
(302E) 0053  0000000001010011 (  51)                 .FILL x0053
(302F) 0000  0000000000000000 (  51)                 .FILL x0000
(3030) 000A  0000000000001010 (  52) newline         .FILL x000A
(3031) 3206  0011001000000110 (  56) delay           ST    R1 saver1
(3032) 2204  0010001000000100 (  57)                 LD    R1 count
(3033) 127F  0001001001111111 (  58) rep             ADD   R1 R1 #-1
(3034) 03FE  0000001111111110 (  59)                 BRP   rep
(3035) 2202  0010001000000010 (  60)                 LD    R1 saver1
(3036) C1C0  1100000111000000 (  61)                 RET   
(3037) 61A8  0110000110101000 (  62) count           .FILL x61A8
(3038) 0000  0000000000000000 (  63) saver1          .FILL x0000
