(0000) 3000  0011000000000000 (   1)                 .ORIG x3000
(3000) 221B  0010001000011011 (   6) nextgame        LD    R1 A
(3001) 241B  0010010000011011 (   7)                 LD    R2 B
(3002) 1242  0001001001000010 (   8)                 ADD   R1 R1 R2
(3003) 241A  0010010000011010 (   9)                 LD    R2 C
(3004) 1242  0001001001000010 (  10)                 ADD   R1 R1 R2
(3005) 040D  0000010000001101 (  11)                 BRZ   gameover
(3006) 482D  0100100000101101 (  12)                 JSR   check
(3007) 484F  0100100001001111 (  13)                 JSR   player
(3008) E09B  1110000010011011 (  14)                 LEA   R0 newline
(3009) F022  1111000000100010 (  15)                 TRAP  x22
(300A) 2A9B  0010101010011011 (  17)                 LD    R5 now
(300B) 1B60  0001101101100000 (  18)                 ADD   R5 R5 #0
(300C) 0402  0000010000000010 (  19)                 BRZ   k
(300D) 5B60  0101101101100000 (  20)                 AND   R5 R5 #0
(300E) 0E02  0000111000000010 (  21)                 BRNZP l
(300F) 5B60  0101101101100000 (  22) k               AND   R5 R5 #0
(3010) 1B61  0001101101100001 (  23)                 ADD   R5 R5 #1
(3011) 3A94  0011101010010100 (  24) l               ST    R5 now
(3012) 0FED  0000111111101101 (  27)                 BRNZP nextgame
(3013) 2A92  0010101010010010 (  30) gameover        LD    R5 now
(3014) 1B60  0001101101100000 (  31)                 ADD   R5 R5 #0
(3015) 0402  0000010000000010 (  32)                 BRZ   win_1
(3016) E0EA  1110000011101010 (  33)                 LEA   R0 win_1_out
(3017) 0E01  0000111000000001 (  34)                 BRNZP win_out
(3018) E0F8  1110000011111000 (  36) win_1           LEA   R0 win_2_out
(3019) F022  1111000000100010 (  38) win_out         TRAP  x22
(301A) 1241  0001001001000001 (  40)                 ADD   R1 R1 R1
(301B) F025  1111000000100101 (  42)                 TRAP  x25
(301C) 0003  0000000000000011 (  45) A               .FILL x0003
(301D) 0005  0000000000000101 (  46) B               .FILL x0005
(301E) 0008  0000000000001000 (  47) C               .FILL x0008
(301F) 0052  0000000001010010 (  48) Row_a           .FILL x0052
(3020) 004F  0000000001001111 (  48)                 .FILL x004F
(3021) 0057  0000000001010111 (  48)                 .FILL x0057
(3022) 0020  0000000000100000 (  48)                 .FILL x0020
(3023) 0041  0000000001000001 (  48)                 .FILL x0041
(3024) 003A  0000000000111010 (  48)                 .FILL x003A
(3025) 0000  0000000000000000 (  48)                 .FILL x0000
(3026) 0052  0000000001010010 (  49) Row_b           .FILL x0052
(3027) 004F  0000000001001111 (  49)                 .FILL x004F
(3028) 0057  0000000001010111 (  49)                 .FILL x0057
(3029) 0020  0000000000100000 (  49)                 .FILL x0020
(302A) 0042  0000000001000010 (  49)                 .FILL x0042
(302B) 003A  0000000000111010 (  49)                 .FILL x003A
(302C) 0000  0000000000000000 (  49)                 .FILL x0000
(302D) 0052  0000000001010010 (  50) Row_c           .FILL x0052
(302E) 004F  0000000001001111 (  50)                 .FILL x004F
(302F) 0057  0000000001010111 (  50)                 .FILL x0057
(3030) 0020  0000000000100000 (  50)                 .FILL x0020
(3031) 0043  0000000001000011 (  50)                 .FILL x0043
(3032) 003A  0000000000111010 (  50)                 .FILL x003A
(3033) 0000  0000000000000000 (  50)                 .FILL x0000
(3034) 32F2  0011001011110010 (  53) check           ST    R1 saver1
(3035) 3EF5  0011111011110101 (  54)                 ST    R7 saver7
(3036) E1E8  1110000111101000 (  55)                 LEA   R0 Row_a
(3037) F022  1111000000100010 (  56)                 TRAP  x22
(3038) E0E8  1110000011101000 (  58)                 LEA   R0 o
(3039) 23E2  0010001111100010 (  59)                 LD    R1 A
(303A) 0C03  0000110000000011 (  61) loop_a          BRNZ  show_b
(303B) F022  1111000000100010 (  62)                 TRAP  x22
(303C) 127F  0001001001111111 (  63)                 ADD   R1 R1 #-1
(303D) 0FFC  0000111111111100 (  64)                 BRNZP loop_a
(303E) E065  1110000001100101 (  67) show_b          LEA   R0 newline
(303F) F022  1111000000100010 (  69)                 TRAP  x22
(3040) E1E5  1110000111100101 (  70)                 LEA   R0 Row_b
(3041) F022  1111000000100010 (  71)                 TRAP  x22
(3042) E0DE  1110000011011110 (  73)                 LEA   R0 o
(3043) 23D9  0010001111011001 (  74)                 LD    R1 B
(3044) 0C03  0000110000000011 (  76) loop_b          BRNZ  show_c
(3045) F022  1111000000100010 (  77)                 TRAP  x22
(3046) 127F  0001001001111111 (  78)                 ADD   R1 R1 #-1
(3047) 0FFC  0000111111111100 (  79)                 BRNZP loop_b
(3048) E05B  1110000001011011 (  82) show_c          LEA   R0 newline
(3049) F022  1111000000100010 (  83)                 TRAP  x22
(304A) E1E2  1110000111100010 (  84)                 LEA   R0 Row_c
(304B) F022  1111000000100010 (  85)                 TRAP  x22
(304C) E0D4  1110000011010100 (  87)                 LEA   R0 o
(304D) 23D0  0010001111010000 (  88)                 LD    R1 C
(304E) 0C03  0000110000000011 (  90) loop_c          BRNZ  show_next
(304F) F022  1111000000100010 (  91)                 TRAP  x22
(3050) 127F  0001001001111111 (  92)                 ADD   R1 R1 #-1
(3051) 0FFC  0000111111111100 (  93)                 BRNZP loop_c
(3052) E051  1110000001010001 (  95) show_next       LEA   R0 newline
(3053) F022  1111000000100010 (  96)                 TRAP  x22
(3054) 22D2  0010001011010010 (  98)                 LD    R1 saver1
(3055) 2ED5  0010111011010101 (  99)                 LD    R7 saver7
(3056) C1C0  1100000111000000 ( 100)                 RET   
(3057) 3ED9  0011111011011001 ( 103) player          ST    R7 psaver7
(3058) 32D4  0011001011010100 ( 104)                 ST    R1 psaver1
(3059) 34D4  0011010011010100 ( 105)                 ST    R2 psaver2
(305A) 36D4  0011011011010100 ( 106)                 ST    R3 psaver3
(305B) 38D4  0011100011010100 ( 107)                 ST    R4 psaver4
(305C) 2C49  0010110001001001 ( 109) input1          LD    R6 now
(305D) 0402  0000010000000010 ( 110)                 BRZ   input2
(305E) E075  1110000001110101 ( 111)                 LEA   R0 p2
(305F) 0E01  0000111000000001 ( 112)                 BRNZP input_show_over
(3060) E046  1110000001000110 ( 114) input2          LEA   R0 p1
(3061) F022  1111000000100010 ( 116) input_show_over TRAP  x22
(3062) F020  1111000000100000 ( 117)                 TRAP  x20
(3063) 1220  0001001000100000 ( 118)                 ADD   R1 R0 #0
(3064) F021  1111000000100001 ( 119)                 TRAP  x21
(3065) F020  1111000000100000 ( 120)                 TRAP  x20
(3066) 1420  0001010000100000 ( 121)                 ADD   R2 R0 #0
(3067) F021  1111000000100001 ( 122)                 TRAP  x21
(3068) 28BD  0010100010111101 ( 123)                 LD    R4 Ascii
(3069) 1902  0001100100000010 ( 124)                 ADD   R4 R4 R2
(306A) 0C2A  0000110000101010 ( 125)                 BRNZ  error_1
(306B) 28C0  0010100011000000 ( 126)                 LD    R4 more_10
(306C) 1902  0001100100000010 ( 127)                 ADD   R4 R4 R2
(306D) 0627  0000011000100111 ( 128)                 BRZP  error_1
(306E) 26B4  0010011010110100 ( 130)                 LD    R3 if_a
(306F) 16C1  0001011011000001 ( 131)                 ADD   R3 R3 R1
(3070) 080A  0000100000001010 ( 132)                 BRN   c_b1
(3071) 0209  0000001000001001 ( 133)                 BRP   c_b1
(3072) 28B3  0010100010110011 ( 134)                 LD    R4 Ascii
(3073) 1484  0001010010000100 ( 135)                 ADD   R2 R2 R4
(3074) 29A7  0010100110100111 ( 136)                 LD    R4 A
(3075) 94BF  1001010010111111 ( 137)                 NOT   R2 R2
(3076) 14A1  0001010010100001 ( 138)                 ADD   R2 R2 #1
(3077) 1902  0001100100000010 ( 139)                 ADD   R4 R4 R2
(3078) 081C  0000100000011100 ( 140)                 BRN   error_1
(3079) 39A2  0011100110100010 ( 142)                 ST    R4 A
(307A) 0E21  0000111000100001 ( 143)                 BRNZP next1
(307B) 26A8  0010011010101000 ( 146) c_b1            LD    R3 if_b
(307C) 16C1  0001011011000001 ( 147)                 ADD   R3 R3 R1
(307D) 080A  0000100000001010 ( 148)                 BRN   c_c1
(307E) 0209  0000001000001001 ( 149)                 BRP   c_c1
(307F) 28A6  0010100010100110 ( 150)                 LD    R4 Ascii
(3080) 1484  0001010010000100 ( 151)                 ADD   R2 R2 R4
(3081) 299B  0010100110011011 ( 152)                 LD    R4 B
(3082) 94BF  1001010010111111 ( 153)                 NOT   R2 R2
(3083) 14A1  0001010010100001 ( 154)                 ADD   R2 R2 #1
(3084) 1902  0001100100000010 ( 155)                 ADD   R4 R4 R2
(3085) 080F  0000100000001111 ( 156)                 BRN   error_1
(3086) 3996  0011100110010110 ( 158)                 ST    R4 B
(3087) 0E14  0000111000010100 ( 159)                 BRNZP next1
(3088) 269C  0010011010011100 ( 162) c_c1            LD    R3 if_c
(3089) 16C1  0001011011000001 ( 163)                 ADD   R3 R3 R1
(308A) 080A  0000100000001010 ( 164)                 BRN   error_1
(308B) 0209  0000001000001001 ( 165)                 BRP   error_1
(308C) 2899  0010100010011001 ( 166)                 LD    R4 Ascii
(308D) 1484  0001010010000100 ( 167)                 ADD   R2 R2 R4
(308E) 298F  0010100110001111 ( 168)                 LD    R4 C
(308F) 94BF  1001010010111111 ( 169)                 NOT   R2 R2
(3090) 14A1  0001010010100001 ( 170)                 ADD   R2 R2 #1
(3091) 1902  0001100100000010 ( 171)                 ADD   R4 R4 R2
(3092) 0802  0000100000000010 ( 172)                 BRN   error_1
(3093) 398A  0011100110001010 ( 174)                 ST    R4 C
(3094) 0E07  0000111000000111 ( 175)                 BRNZP next1
(3095) E00E  1110000000001110 ( 178) error_1         LEA   R0 newline
(3096) F022  1111000000100010 ( 179)                 TRAP  x22
(3097) E09A  1110000010011010 ( 180)                 LEA   R0 error
(3098) F022  1111000000100010 ( 181)                 TRAP  x22
(3099) E00A  1110000000001010 ( 182)                 LEA   R0 newline
(309A) F022  1111000000100010 ( 183)                 TRAP  x22
(309B) 0FC0  0000111111000000 ( 184)                 BRNZP input1
(309C) E007  1110000000000111 ( 187) next1           LEA   R0 newline
(309D) F022  1111000000100010 ( 188)                 TRAP  x22
(309E) 2E92  0010111010010010 ( 191)                 LD    R7 psaver7
(309F) 228D  0010001010001101 ( 192)                 LD    R1 psaver1
(30A0) 248D  0010010010001101 ( 193)                 LD    R2 psaver2
(30A1) 268D  0010011010001101 ( 194)                 LD    R3 psaver3
(30A2) 288D  0010100010001101 ( 195)                 LD    R4 psaver4
(30A3) C1C0  1100000111000000 ( 196)                 RET   
(30A4) 000A  0000000000001010 ( 198) newline         .FILL x000A
(30A5) 0000  0000000000000000 ( 198)                 .FILL x0000
(30A6) 0000  0000000000000000 ( 199) now             .FILL x0000
(30A7) 0050  0000000001010000 ( 200) p1              .FILL x0050
(30A8) 006C  0000000001101100 ( 200)                 .FILL x006C
(30A9) 0061  0000000001100001 ( 200)                 .FILL x0061
(30AA) 0079  0000000001111001 ( 200)                 .FILL x0079
(30AB) 0065  0000000001100101 ( 200)                 .FILL x0065
(30AC) 0072  0000000001110010 ( 200)                 .FILL x0072
(30AD) 0020  0000000000100000 ( 200)                 .FILL x0020
(30AE) 0031  0000000000110001 ( 200)                 .FILL x0031
(30AF) 002C  0000000000101100 ( 200)                 .FILL x002C
(30B0) 0020  0000000000100000 ( 200)                 .FILL x0020
(30B1) 0063  0000000001100011 ( 200)                 .FILL x0063
(30B2) 0068  0000000001101000 ( 200)                 .FILL x0068
(30B3) 006F  0000000001101111 ( 200)                 .FILL x006F
(30B4) 006F  0000000001101111 ( 200)                 .FILL x006F
(30B5) 0073  0000000001110011 ( 200)                 .FILL x0073
(30B6) 0065  0000000001100101 ( 200)                 .FILL x0065
(30B7) 0020  0000000000100000 ( 200)                 .FILL x0020
(30B8) 0061  0000000001100001 ( 200)                 .FILL x0061
(30B9) 0020  0000000000100000 ( 200)                 .FILL x0020
(30BA) 0072  0000000001110010 ( 200)                 .FILL x0072
(30BB) 006F  0000000001101111 ( 200)                 .FILL x006F
(30BC) 0077  0000000001110111 ( 200)                 .FILL x0077
(30BD) 0020  0000000000100000 ( 200)                 .FILL x0020
(30BE) 0061  0000000001100001 ( 200)                 .FILL x0061
(30BF) 006E  0000000001101110 ( 200)                 .FILL x006E
(30C0) 0064  0000000001100100 ( 200)                 .FILL x0064
(30C1) 0020  0000000000100000 ( 200)                 .FILL x0020
(30C2) 006E  0000000001101110 ( 200)                 .FILL x006E
(30C3) 0075  0000000001110101 ( 200)                 .FILL x0075
(30C4) 006D  0000000001101101 ( 200)                 .FILL x006D
(30C5) 0062  0000000001100010 ( 200)                 .FILL x0062
(30C6) 0065  0000000001100101 ( 200)                 .FILL x0065
(30C7) 0072  0000000001110010 ( 200)                 .FILL x0072
(30C8) 0020  0000000000100000 ( 200)                 .FILL x0020
(30C9) 006F  0000000001101111 ( 200)                 .FILL x006F
(30CA) 0066  0000000001100110 ( 200)                 .FILL x0066
(30CB) 0020  0000000000100000 ( 200)                 .FILL x0020
(30CC) 0072  0000000001110010 ( 200)                 .FILL x0072
(30CD) 006F  0000000001101111 ( 200)                 .FILL x006F
(30CE) 0063  0000000001100011 ( 200)                 .FILL x0063
(30CF) 006B  0000000001101011 ( 200)                 .FILL x006B
(30D0) 0073  0000000001110011 ( 200)                 .FILL x0073
(30D1) 003A  0000000000111010 ( 200)                 .FILL x003A
(30D2) 0020  0000000000100000 ( 200)                 .FILL x0020
(30D3) 0000  0000000000000000 ( 200)                 .FILL x0000
(30D4) 0050  0000000001010000 ( 201) p2              .FILL x0050
(30D5) 006C  0000000001101100 ( 201)                 .FILL x006C
(30D6) 0061  0000000001100001 ( 201)                 .FILL x0061
(30D7) 0079  0000000001111001 ( 201)                 .FILL x0079
(30D8) 0065  0000000001100101 ( 201)                 .FILL x0065
(30D9) 0072  0000000001110010 ( 201)                 .FILL x0072
(30DA) 0020  0000000000100000 ( 201)                 .FILL x0020
(30DB) 0032  0000000000110010 ( 201)                 .FILL x0032
(30DC) 002C  0000000000101100 ( 201)                 .FILL x002C
(30DD) 0020  0000000000100000 ( 201)                 .FILL x0020
(30DE) 0063  0000000001100011 ( 201)                 .FILL x0063
(30DF) 0068  0000000001101000 ( 201)                 .FILL x0068
(30E0) 006F  0000000001101111 ( 201)                 .FILL x006F
(30E1) 006F  0000000001101111 ( 201)                 .FILL x006F
(30E2) 0073  0000000001110011 ( 201)                 .FILL x0073
(30E3) 0065  0000000001100101 ( 201)                 .FILL x0065
(30E4) 0020  0000000000100000 ( 201)                 .FILL x0020
(30E5) 0061  0000000001100001 ( 201)                 .FILL x0061
(30E6) 0020  0000000000100000 ( 201)                 .FILL x0020
(30E7) 0072  0000000001110010 ( 201)                 .FILL x0072
(30E8) 006F  0000000001101111 ( 201)                 .FILL x006F
(30E9) 0077  0000000001110111 ( 201)                 .FILL x0077
(30EA) 0020  0000000000100000 ( 201)                 .FILL x0020
(30EB) 0061  0000000001100001 ( 201)                 .FILL x0061
(30EC) 006E  0000000001101110 ( 201)                 .FILL x006E
(30ED) 0064  0000000001100100 ( 201)                 .FILL x0064
(30EE) 0020  0000000000100000 ( 201)                 .FILL x0020
(30EF) 006E  0000000001101110 ( 201)                 .FILL x006E
(30F0) 0075  0000000001110101 ( 201)                 .FILL x0075
(30F1) 006D  0000000001101101 ( 201)                 .FILL x006D
(30F2) 0062  0000000001100010 ( 201)                 .FILL x0062
(30F3) 0065  0000000001100101 ( 201)                 .FILL x0065
(30F4) 0072  0000000001110010 ( 201)                 .FILL x0072
(30F5) 0020  0000000000100000 ( 201)                 .FILL x0020
(30F6) 006F  0000000001101111 ( 201)                 .FILL x006F
(30F7) 0066  0000000001100110 ( 201)                 .FILL x0066
(30F8) 0020  0000000000100000 ( 201)                 .FILL x0020
(30F9) 0072  0000000001110010 ( 201)                 .FILL x0072
(30FA) 006F  0000000001101111 ( 201)                 .FILL x006F
(30FB) 0063  0000000001100011 ( 201)                 .FILL x0063
(30FC) 006B  0000000001101011 ( 201)                 .FILL x006B
(30FD) 0073  0000000001110011 ( 201)                 .FILL x0073
(30FE) 003A  0000000000111010 ( 201)                 .FILL x003A
(30FF) 0020  0000000000100000 ( 201)                 .FILL x0020
(3100) 0000  0000000000000000 ( 201)                 .FILL x0000
(3101) 0050  0000000001010000 ( 202) win_1_out       .FILL x0050
(3102) 006C  0000000001101100 ( 202)                 .FILL x006C
(3103) 0061  0000000001100001 ( 202)                 .FILL x0061
(3104) 0079  0000000001111001 ( 202)                 .FILL x0079
(3105) 0065  0000000001100101 ( 202)                 .FILL x0065
(3106) 0072  0000000001110010 ( 202)                 .FILL x0072
(3107) 0020  0000000000100000 ( 202)                 .FILL x0020
(3108) 0031  0000000000110001 ( 202)                 .FILL x0031
(3109) 0020  0000000000100000 ( 202)                 .FILL x0020
(310A) 0057  0000000001010111 ( 202)                 .FILL x0057
(310B) 0069  0000000001101001 ( 202)                 .FILL x0069
(310C) 006E  0000000001101110 ( 202)                 .FILL x006E
(310D) 0073  0000000001110011 ( 202)                 .FILL x0073
(310E) 002E  0000000000101110 ( 202)                 .FILL x002E
(310F) 000A  0000000000001010 ( 202)                 .FILL x000A
(3110) 0000  0000000000000000 ( 202)                 .FILL x0000
(3111) 0050  0000000001010000 ( 203) win_2_out       .FILL x0050
(3112) 006C  0000000001101100 ( 203)                 .FILL x006C
(3113) 0061  0000000001100001 ( 203)                 .FILL x0061
(3114) 0079  0000000001111001 ( 203)                 .FILL x0079
(3115) 0065  0000000001100101 ( 203)                 .FILL x0065
(3116) 0072  0000000001110010 ( 203)                 .FILL x0072
(3117) 0020  0000000000100000 ( 203)                 .FILL x0020
(3118) 0032  0000000000110010 ( 203)                 .FILL x0032
(3119) 0020  0000000000100000 ( 203)                 .FILL x0020
(311A) 0057  0000000001010111 ( 203)                 .FILL x0057
(311B) 0069  0000000001101001 ( 203)                 .FILL x0069
(311C) 006E  0000000001101110 ( 203)                 .FILL x006E
(311D) 0073  0000000001110011 ( 203)                 .FILL x0073
(311E) 002E  0000000000101110 ( 203)                 .FILL x002E
(311F) 000A  0000000000001010 ( 203)                 .FILL x000A
(3120) 0000  0000000000000000 ( 203)                 .FILL x0000
(3121) 006F  0000000001101111 ( 204) o               .FILL x006F
(3122) 0000  0000000000000000 ( 204)                 .FILL x0000
(3123) FFBF  1111111110111111 ( 206) if_a            .FILL xFFBF
(3124) FFBE  1111111110111110 ( 207) if_b            .FILL xFFBE
(3125) FFBD  1111111110111101 ( 208) if_c            .FILL xFFBD
(3126) FFD0  1111111111010000 ( 209) Ascii           .FILL xFFD0
(3127) 0000  0000000000000000 ( 210) saver1          .FILL x0000
(3128) 0000  0000000000000000 ( 211) saver2          .FILL x0000
(3129) 0000  0000000000000000 ( 212) saver3          .FILL x0000
(312A) 0000  0000000000000000 ( 213) saver4          .FILL x0000
(312B) 0000  0000000000000000 ( 214) saver7          .FILL x0000
(312C) FFC6  1111111111000110 ( 215) more_10         .FILL xFFC6
(312D) 0000  0000000000000000 ( 216) psaver1         .FILL x0000
(312E) 0000  0000000000000000 ( 217) psaver2         .FILL x0000
(312F) 0000  0000000000000000 ( 218) psaver3         .FILL x0000
(3130) 0000  0000000000000000 ( 219) psaver4         .FILL x0000
(3131) 0000  0000000000000000 ( 220) psaver7         .FILL x0000
(3132) 0049  0000000001001001 ( 221) error           .FILL x0049
(3133) 006E  0000000001101110 ( 221)                 .FILL x006E
(3134) 0076  0000000001110110 ( 221)                 .FILL x0076
(3135) 0061  0000000001100001 ( 221)                 .FILL x0061
(3136) 006C  0000000001101100 ( 221)                 .FILL x006C
(3137) 0069  0000000001101001 ( 221)                 .FILL x0069
(3138) 0064  0000000001100100 ( 221)                 .FILL x0064
(3139) 0020  0000000000100000 ( 221)                 .FILL x0020
(313A) 006D  0000000001101101 ( 221)                 .FILL x006D
(313B) 006F  0000000001101111 ( 221)                 .FILL x006F
(313C) 0076  0000000001110110 ( 221)                 .FILL x0076
(313D) 0065  0000000001100101 ( 221)                 .FILL x0065
(313E) 002E  0000000000101110 ( 221)                 .FILL x002E
(313F) 0020  0000000000100000 ( 221)                 .FILL x0020
(3140) 0054  0000000001010100 ( 221)                 .FILL x0054
(3141) 0072  0000000001110010 ( 221)                 .FILL x0072
(3142) 0079  0000000001111001 ( 221)                 .FILL x0079
(3143) 0020  0000000000100000 ( 221)                 .FILL x0020
(3144) 0061  0000000001100001 ( 221)                 .FILL x0061
(3145) 0067  0000000001100111 ( 221)                 .FILL x0067
(3146) 0061  0000000001100001 ( 221)                 .FILL x0061
(3147) 0069  0000000001101001 ( 221)                 .FILL x0069
(3148) 006E  0000000001101110 ( 221)                 .FILL x006E
(3149) 002E  0000000000101110 ( 221)                 .FILL x002E
(314A) 0000  0000000000000000 ( 221)                 .FILL x0000
